<?xml version="1.0" encoding="UTF-8"?>
<testsuites name="Mixed Test Suite" tests="5" failures="1" errors="0" skipped="1" time="2.500">
  <testsuite name="MixedTests" tests="5" failures="1" errors="0" skipped="1" time="2.500">
    <testcase name="test_pass_one" classname="MixedTests" time="0.100"/>
    <testcase name="test_pass_two" classname="MixedTests" time="0.200"/>
    <testcase name="test_pass_three" classname="MixedTests" time="0.300"/>
    <testcase name="test_fail_one" classname="MixedTests" time="0.400">
      <failure message="AssertionError: expected 1 to equal 2" type="AssertionError">
        AssertionError: expected 1 to equal 2
          at test_fail_one (test.js:42)
      </failure>
    </testcase>
    <testcase name="test_skip_one" classname="MixedTests" time="0.000">
      <skipped/>
    </testcase>
  </testsuite>
</testsuites>
