<?xml version="1.0" encoding="UTF-8"?>
<testsuites name="Test Suite" tests="3" failures="1" errors="0" time="1.234">
  <testsuite name="ExampleSuite" tests="3" failures="1" errors="0" time="1.234">
    <testcase name="test_pass_one" classname="ExampleSuite" time="0.100"/>
    <testcase name="test_pass_two" classname="ExampleSuite" time="0.200"/>
    <testcase name="test_fail" classname="ExampleSuite" time="0.934">
      <failure message="Assertion failed" type="AssertionError">Expected true but got false</failure>
    </testcase>
  </testsuite>
</testsuites>
