<?xml version="1.0" encoding="UTF-8"?>
<testsuites name="Test Suite" tests="4" failures="1" errors="0" skipped="1" time="1.234">
  <testsuite name="ExampleTests" tests="4" failures="1" errors="0" skipped="1" time="1.234">
    <testcase name="test_pass_one" classname="ExampleTests" time="0.100"/>
    <testcase name="test_pass_two" classname="ExampleTests" time="0.200"/>
    <testcase name="test_skip_one" classname="ExampleTests" time="0.000">
      <skipped message="Skipped for testing"/>
    </testcase>
    <testcase name="test_fail_one" classname="ExampleTests" time="0.934">
      <failure message="AssertionError" type="AssertionError">Expected true but got false</failure>
    </testcase>
  </testsuite>
</testsuites>
